<?xml version="1.0" encoding="UTF-8"?>
<!-- Generated by org.testng.reporters.JUnitXMLReporter -->
<testsuite ignored="0" hostname="DESKTOP-FP6Q29E" failures="0" tests="1" name="Default test" time="0.075" errors="0" timestamp="2020-05-15T01:26:26 MDT">
  <testcase classname="com.yorbit.tests.BaseTest" name="@BeforeSuite startServer" time="0.122">
    <failure type="io.appium.java_client.service.local.InvalidServerInstanceException" message="NodeJS is either not installed or its executable not present in PATH">
      <![CDATA[io.appium.java_client.service.local.InvalidServerInstanceException: NodeJS is either not installed or its executable not present in PATH
at io.appium.java_client.service.local.AppiumServiceBuilder.validatePath(AppiumServiceBuilder.java:127)
at io.appium.java_client.service.local.AppiumServiceBuilder.findBinary(AppiumServiceBuilder.java:137)
at io.appium.java_client.service.local.AppiumServiceBuilder.findDefaultExecutable(AppiumServiceBuilder.java:180)
at org.openqa.selenium.remote.service.DriverService$Builder.build(DriverService.java:355)
at io.appium.java_client.service.local.AppiumDriverLocalService.buildService(AppiumDriverLocalService.java:87)
at com.yorbit.tests.BaseTest.startServer(BaseTest.java:192)
at java.base/jdk.internal.reflect.NativeMethodAccessorImpl.invoke0(Native Method)
at java.base/jdk.internal.reflect.NativeMethodAccessorImpl.invoke(NativeMethodAccessorImpl.java:62)
at java.base/jdk.internal.reflect.DelegatingMethodAccessorImpl.invoke(DelegatingMethodAccessorImpl.java:43)
at java.base/java.lang.reflect.Method.invoke(Method.java:564)
at org.testng.internal.MethodInvocationHelper.invokeMethod(MethodInvocationHelper.java:135)
at org.testng.internal.MethodInvocationHelper.invokeMethodConsideringTimeout(MethodInvocationHelper.java:64)
at org.testng.internal.ConfigInvoker.invokeConfigurationMethod(ConfigInvoker.java:364)
at org.testng.internal.ConfigInvoker.invokeConfigurations(ConfigInvoker.java:318)
at org.testng.SuiteRunner.privateRun(SuiteRunner.java:327)
at org.testng.SuiteRunner.run(SuiteRunner.java:286)
at org.testng.SuiteRunnerWorker.runSuite(SuiteRunnerWorker.java:53)
at org.testng.SuiteRunnerWorker.run(SuiteRunnerWorker.java:96)
at org.testng.TestNG.runSuitesSequentially(TestNG.java:1214)
at org.testng.TestNG.runSuitesLocally(TestNG.java:1136)
at org.testng.TestNG.runSuites(TestNG.java:1066)
at org.testng.TestNG.run(TestNG.java:1034)
at org.testng.remote.AbstractRemoteTestNG.run(AbstractRemoteTestNG.java:115)
at org.testng.remote.RemoteTestNG.initAndRun(RemoteTestNG.java:251)
at org.testng.remote.RemoteTestNG.main(RemoteTestNG.java:77)
]]>
    </failure>
  </testcase> <!-- @BeforeSuite startServer -->
  <testcase classname="com.yorbit.tests.BaseTest" name="@BeforeTest startReport" time="-1.589527586453E9">
    <skipped/>
  </testcase> <!-- @BeforeTest startReport -->
  <testcase classname="com.yorbit.tests.BaseTest" name="@AfterMethod getResult" time="-1.589527586516E9">
    <skipped/>
  </testcase> <!-- @AfterMethod getResult -->
  <testcase classname="com.yorbit.tests.BaseTest" name="@AfterTest endReport" time="-1.589527586522E9">
    <skipped/>
  </testcase> <!-- @AfterTest endReport -->
  <testcase classname="com.yorbit.tests.NewUserRegistration" name="registerNewUserAndVerify" time="0.0">
    <skipped/>
  </testcase> <!-- registerNewUserAndVerify -->
</testsuite> <!-- Default test -->
