<?xml version="1.0" encoding="UTF-8"?>
<!-- Generated by org.testng.reporters.JUnitXMLReporter -->
<testsuite ignored="0" hostname="DESKTOP-FP6Q29E" failures="1" tests="1" name="Test" time="0.118" errors="0" timestamp="2020-05-06T16:20:43 MDT">
  <testcase classname="com.yorbit.tests.NewTest" name="f" time="0.067">
    <failure type="java.lang.NullPointerException">
      <![CDATA[java.lang.NullPointerException
at com.yorbit.business.PermissionController.acceptPermission(PermissionController.java:14)
at com.yorbit.tests.NewTest.f(NewTest.java:11)
at java.base/java.util.ArrayList.forEach(ArrayList.java:1510)
... Removed 27 stack frames]]>
    </failure>
  </testcase> <!-- f -->
</testsuite> <!-- Test -->
